<?xml version="1.0" encoding="UTF-8"?>
<!-- Generated by org.testng.reporters.JUnitReportReporter -->
<testsuite hostname="admin" failures="0" tests="1" name="WebTables.Population" time="23.943" errors="0" timestamp="2022-09-04T13:11:16 IST" skipped="0">
  <testcase classname="WebTables.Population" name="test2" time="23.943"/>
  <system-out/>
</testsuite> <!-- WebTables.Population -->
