<?xml version="1.0" encoding="UTF-8"?>
<!-- Generated by org.testng.reporters.JUnitReportReporter -->
<testsuite hostname="admin" failures="0" tests="2" name="AlertsAndPopUP.Alerts" time="97.656" errors="0" timestamp="2022-09-04T18:32:45 IST" skipped="0">
  <testcase classname="AlertsAndPopUP.Alerts" name="Test" time="13.713"/>
  <system-out/>
  <testcase classname="AlertsAndPopUP.Alerts" name="TestPopup" time="83.943"/>
  <system-out/>
</testsuite> <!-- AlertsAndPopUP.Alerts -->
